# JRE version: OpenJDK Runtime Environment (8.0_91-b14) (build 1.8.0_91-8u91-b14-3ubuntu1~16.04.1-b14)
# Java VM: OpenJDK 64-Bit Server VM (25.91-b14 mixed mode linux-amd64 compressed oops)
Heap:
 PSYoungGen      total 2838528K, used 61341K [0x00000006c4e00000, 0x000000077a900000, 0x00000007c0000000)
  eden space 2765312K, 0% used [0x00000006c4e00000,0x00000006c4e00000,0x000000076da80000)
  from space 73216K, 83% used [0x000000076da80000,0x0000000771667650,0x0000000772200000)
  to   space 64000K, 0% used [0x0000000772200000,0x0000000772200000,0x0000000776080000)
 ParOldGen       total 335872K, used 139730K [0x00000004cea00000, 0x00000004e3200000, 0x00000006c4e00000)
  object space 335872K, 41% used [0x00000004cea00000,0x00000004d72749c0,0x00000004e3200000)
 Metaspace       used 29650K, capacity 31042K, committed 31104K, reserved 1077248K
  class space    used 3387K, capacity 3693K, committed 3712K, reserved 1048576K
GC Heap History (10 events):
Event: 229.939 GC heap after
Heap after GC invocations=13 (full 1):
 PSYoungGen      total 1565184K, used 32506K [0x00000006c4e00000, 0x0000000729300000, 0x00000007c0000000)
  eden space 1514496K, 0% used [0x00000006c4e00000,0x00000006c4e00000,0x0000000721500000)
  from space 50688K, 64% used [0x0000000724900000,0x00000007268be980,0x0000000727a80000)
  to   space 53248K, 0% used [0x0000000721500000,0x0000000721500000,0x0000000724900000)
 ParOldGen       total 335872K, used 106732K [0x00000004cea00000, 0x00000004e3200000, 0x00000006c4e00000)
  object space 335872K, 31% used [0x00000004cea00000,0x00000004d523b128,0x00000004e3200000)
 Metaspace       used 29642K, capacity 31042K, committed 31104K, reserved 1077248K
  class space    used 3387K, capacity 3693K, committed 3712K, reserved 1048576K
}
Event: 234.151 GC heap before
{Heap before GC invocations=14 (full 1):
 PSYoungGen      total 1565184K, used 1547002K [0x00000006c4e00000, 0x0000000729300000, 0x00000007c0000000)
  eden space 1514496K, 100% used [0x00000006c4e00000,0x0000000721500000,0x0000000721500000)
  from space 50688K, 64% used [0x0000000724900000,0x00000007268be980,0x0000000727a80000)
  to   space 53248K, 0% used [0x0000000721500000,0x0000000721500000,0x0000000724900000)
 ParOldGen       total 335872K, used 106732K [0x00000004cea00000, 0x00000004e3200000, 0x00000006c4e00000)
  object space 335872K, 31% used [0x00000004cea00000,0x00000004d523b128,0x00000004e3200000)
 Metaspace       used 29643K, capacity 31042K, committed 31104K, reserved 1077248K
  class space    used 3387K, capacity 3693K, committed 3712K, reserved 1048576K
Event: 234.285 GC heap after
Heap after GC invocations=14 (full 1):
 PSYoungGen      total 1567744K, used 35737K [0x00000006c4e00000, 0x0000000748d00000, 0x00000007c0000000)
  eden space 1514496K, 0% used [0x00000006c4e00000,0x00000006c4e00000,0x0000000721500000)
  from space 53248K, 67% used [0x0000000721500000,0x00000007237e6570,0x0000000724900000)
  to   space 56320K, 0% used [0x0000000745600000,0x0000000745600000,0x0000000748d00000)
 ParOldGen       total 335872K, used 115757K [0x00000004cea00000, 0x00000004e3200000, 0x00000006c4e00000)
  object space 335872K, 34% used [0x00000004cea00000,0x00000004d5b0b768,0x00000004e3200000)
 Metaspace       used 29643K, capacity 31042K, committed 31104K, reserved 1077248K
  class space    used 3387K, capacity 3693K, committed 3712K, reserved 1048576K
}
Event: 236.929 GC heap before
{Heap before GC invocations=15 (full 1):
 PSYoungGen      total 1567744K, used 1550233K [0x00000006c4e00000, 0x0000000748d00000, 0x00000007c0000000)
  eden space 1514496K, 100% used [0x00000006c4e00000,0x0000000721500000,0x0000000721500000)
  from space 53248K, 67% used [0x0000000721500000,0x00000007237e6570,0x0000000724900000)
  to   space 56320K, 0% used [0x0000000745600000,0x0000000745600000,0x0000000748d00000)
 ParOldGen       total 335872K, used 115757K [0x00000004cea00000, 0x00000004e3200000, 0x00000006c4e00000)
  object space 335872K, 34% used [0x00000004cea00000,0x00000004d5b0b768,0x00000004e3200000)
 Metaspace       used 29644K, capacity 31042K, committed 31104K, reserved 1077248K
  class space    used 3387K, capacity 3693K, committed 3712K, reserved 1048576K
Event: 237.088 GC heap after
Heap after GC invocations=15 (full 1):
 PSYoungGen      total 2102784K, used 36782K [0x00000006c4e00000, 0x000000074ad80000, 0x00000007c0000000)
  eden space 2046464K, 0% used [0x00000006c4e00000,0x00000006c4e00000,0x0000000741c80000)
  from space 56320K, 65% used [0x0000000745600000,0x00000007479eb820,0x0000000748d00000)
  to   space 58880K, 0% used [0x0000000741c80000,0x0000000741c80000,0x0000000745600000)
 ParOldGen       total 335872K, used 121119K [0x00000004cea00000, 0x00000004e3200000, 0x00000006c4e00000)
  object space 335872K, 36% used [0x00000004cea00000,0x00000004d6047e58,0x00000004e3200000)
 Metaspace       used 29644K, capacity 31042K, committed 31104K, reserved 1077248K
  class space    used 3387K, capacity 3693K, committed 3712K, reserved 1048576K
}
Event: 242.930 GC heap before
{Heap before GC invocations=16 (full 1):
 PSYoungGen      total 2102784K, used 2083246K [0x00000006c4e00000, 0x000000074ad80000, 0x00000007c0000000)
  eden space 2046464K, 100% used [0x00000006c4e00000,0x0000000741c80000,0x0000000741c80000)
  from space 56320K, 65% used [0x0000000745600000,0x00000007479eb820,0x0000000748d00000)
  to   space 58880K, 0% used [0x0000000741c80000,0x0000000741c80000,0x0000000745600000)
 ParOldGen       total 335872K, used 121119K [0x00000004cea00000, 0x00000004e3200000, 0x00000006c4e00000)
  object space 335872K, 36% used [0x00000004cea00000,0x00000004d6047e58,0x00000004e3200000)
 Metaspace       used 29648K, capacity 31042K, committed 31104K, reserved 1077248K
  class space    used 3387K, capacity 3693K, committed 3712K, reserved 1048576K
Event: 243.089 GC heap after
Heap after GC invocations=16 (full 1):
 PSYoungGen      total 2105344K, used 45866K [0x00000006c4e00000, 0x0000000776080000, 0x00000007c0000000)
  eden space 2046464K, 0% used [0x00000006c4e00000,0x00000006c4e00000,0x0000000741c80000)
  from space 58880K, 77% used [0x0000000741c80000,0x000000074494a938,0x0000000745600000)
  to   space 64000K, 0% used [0x0000000772200000,0x0000000772200000,0x0000000776080000)
 ParOldGen       total 335872K, used 126473K [0x00000004cea00000, 0x00000004e3200000, 0x00000006c4e00000)
  object space 335872K, 37% used [0x00000004cea00000,0x00000004d6582488,0x00000004e3200000)
 Metaspace       used 29648K, capacity 31042K, committed 31104K, reserved 1077248K
  class space    used 3387K, capacity 3693K, committed 3712K, reserved 1048576K
}
Event: 246.776 GC heap before
{Heap before GC invocations=17 (full 1):
 PSYoungGen      total 2105344K, used 2092330K [0x00000006c4e00000, 0x0000000776080000, 0x00000007c0000000)
  eden space 2046464K, 100% used [0x00000006c4e00000,0x0000000741c80000,0x0000000741c80000)
  from space 58880K, 77% used [0x0000000741c80000,0x000000074494a938,0x0000000745600000)
  to   space 64000K, 0% used [0x0000000772200000,0x0000000772200000,0x0000000776080000)
 ParOldGen       total 335872K, used 126473K [0x00000004cea00000, 0x00000004e3200000, 0x00000006c4e00000)
  object space 335872K, 37% used [0x00000004cea00000,0x00000004d6582488,0x00000004e3200000)
 Metaspace       used 29649K, capacity 31042K, committed 31104K, reserved 1077248K
  class space    used 3387K, capacity 3693K, committed 3712K, reserved 1048576K
Event: 247.048 GC heap after
Heap after GC invocations=17 (full 1):
 PSYoungGen      total 2829312K, used 59467K [0x00000006c4e00000, 0x000000077a900000, 0x00000007c0000000)
  eden space 2765312K, 0% used [0x00000006c4e00000,0x00000006c4e00000,0x000000076da80000)
  from space 64000K, 92% used [0x0000000772200000,0x0000000775c12f58,0x0000000776080000)
  to   space 73216K, 0% used [0x000000076da80000,0x000000076da80000,0x0000000772200000)
 ParOldGen       total 335872K, used 132850K [0x00000004cea00000, 0x00000004e3200000, 0x00000006c4e00000)
  object space 335872K, 39% used [0x00000004cea00000,0x00000004d6bbcbb8,0x00000004e3200000)
 Metaspace       used 29649K, capacity 31042K, committed 31104K, reserved 1077248K
  class space    used 3387K, capacity 3693K, committed 3712K, reserved 1048576K
}
Event: 254.195 GC heap before
{Heap before GC invocations=18 (full 1):
 PSYoungGen      total 2829312K, used 2824779K [0x00000006c4e00000, 0x000000077a900000, 0x00000007c0000000)
  eden space 2765312K, 100% used [0x00000006c4e00000,0x000000076da80000,0x000000076da80000)
  from space 64000K, 92% used [0x0000000772200000,0x0000000775c12f58,0x0000000776080000)
  to   space 73216K, 0% used [0x000000076da80000,0x000000076da80000,0x0000000772200000)
 ParOldGen       total 335872K, used 132850K [0x00000004cea00000, 0x00000004e3200000, 0x00000006c4e00000)
  object space 335872K, 39% used [0x00000004cea00000,0x00000004d6bbcbb8,0x00000004e3200000)
 Metaspace       used 29650K, capacity 31042K, committed 31104K, reserved 1077248K
  class space    used 3387K, capacity 3693K, committed 3712K, reserved 1048576K

