# JRE version: OpenJDK Runtime Environment (8.0_131-b11) (build 1.8.0_131-8u131-b11-0ubuntu1.16.04.2-b11)
# Java VM: OpenJDK 64-Bit Server VM (25.131-b11 mixed mode linux-amd64 compressed oops)
Heap:
 PSYoungGen      total 1434624K, used 2553K [0x00000006c4e00000, 0x000000071e480000, 0x00000007c0000000)
  eden space 1424896K, 0% used [0x00000006c4e00000,0x00000006c4e00000,0x000000071bd80000)
  from space 9728K, 26% used [0x000000071d180000,0x000000071d3fe420,0x000000071db00000)
  to   space 6144K, 0% used [0x000000071de80000,0x000000071de80000,0x000000071e480000)
 ParOldGen       total 386048K, used 9872K [0x00000004cea00000, 0x00000004e6300000, 0x00000006c4e00000)
  object space 386048K, 2% used [0x00000004cea00000,0x00000004cf3a40e0,0x00000004e6300000)
 Metaspace       used 33947K, capacity 36580K, committed 36648K, reserved 1081344K
  class space    used 3802K, capacity 4326K, committed 4392K, reserved 1048576K
GC Heap History (10 events):
Event: 358.951 GC heap after
Heap after GC invocations=16 (full 1):
 PSYoungGen      total 765952K, used 2719K [0x00000006c4e00000, 0x0000000709500000, 0x00000007c0000000)
  eden space 756736K, 0% used [0x00000006c4e00000,0x00000006c4e00000,0x00000006f3100000)
  from space 9216K, 29% used [0x00000006f3100000,0x00000006f33a7e08,0x00000006f3a00000)
  to   space 9216K, 0% used [0x0000000708c00000,0x0000000708c00000,0x0000000709500000)
 ParOldGen       total 334336K, used 11443K [0x00000004cea00000, 0x00000004e3080000, 0x00000006c4e00000)
  object space 334336K, 3% used [0x00000004cea00000,0x00000004cf52ce10,0x00000004e3080000)
 Metaspace       used 32962K, capacity 35442K, committed 35496K, reserved 1081344K
  class space    used 3747K, capacity 4257K, committed 4264K, reserved 1048576K
}
Event: 358.952 GC heap before
{Heap before GC invocations=17 (full 2):
 PSYoungGen      total 765952K, used 2719K [0x00000006c4e00000, 0x0000000709500000, 0x00000007c0000000)
  eden space 756736K, 0% used [0x00000006c4e00000,0x00000006c4e00000,0x00000006f3100000)
  from space 9216K, 29% used [0x00000006f3100000,0x00000006f33a7e08,0x00000006f3a00000)
  to   space 9216K, 0% used [0x0000000708c00000,0x0000000708c00000,0x0000000709500000)
 ParOldGen       total 334336K, used 11443K [0x00000004cea00000, 0x00000004e3080000, 0x00000006c4e00000)
  object space 334336K, 3% used [0x00000004cea00000,0x00000004cf52ce10,0x00000004e3080000)
 Metaspace       used 32962K, capacity 35442K, committed 35496K, reserved 1081344K
  class space    used 3747K, capacity 4257K, committed 4264K, reserved 1048576K
Event: 359.018 GC heap after
Heap after GC invocations=17 (full 2):
 PSYoungGen      total 765952K, used 0K [0x00000006c4e00000, 0x0000000709500000, 0x00000007c0000000)
  eden space 756736K, 0% used [0x00000006c4e00000,0x00000006c4e00000,0x00000006f3100000)
  from space 9216K, 0% used [0x00000006f3100000,0x00000006f3100000,0x00000006f3a00000)
  to   space 9216K, 0% used [0x0000000708c00000,0x0000000708c00000,0x0000000709500000)
 ParOldGen       total 386048K, used 9840K [0x00000004cea00000, 0x00000004e6300000, 0x00000006c4e00000)
  object space 386048K, 2% used [0x00000004cea00000,0x00000004cf39c0e0,0x00000004e6300000)
 Metaspace       used 32962K, capacity 35442K, committed 35496K, reserved 1081344K
  class space    used 3747K, capacity 4257K, committed 4264K, reserved 1048576K
}
Event: 380.934 GC heap before
{Heap before GC invocations=18 (full 2):
 PSYoungGen      total 765952K, used 756736K [0x00000006c4e00000, 0x0000000709500000, 0x00000007c0000000)
  eden space 756736K, 100% used [0x00000006c4e00000,0x00000006f3100000,0x00000006f3100000)
  from space 9216K, 0% used [0x00000006f3100000,0x00000006f3100000,0x00000006f3a00000)
  to   space 9216K, 0% used [0x0000000708c00000,0x0000000708c00000,0x0000000709500000)
 ParOldGen       total 386048K, used 9840K [0x00000004cea00000, 0x00000004e6300000, 0x00000006c4e00000)
  object space 386048K, 2% used [0x00000004cea00000,0x00000004cf39c0e0,0x00000004e6300000)
 Metaspace       used 33143K, capacity 35692K, committed 35880K, reserved 1081344K
  class space    used 3752K, capacity 4266K, committed 4392K, reserved 1048576K
Event: 380.983 GC heap after
Heap after GC invocations=18 (full 2):
 PSYoungGen      total 1112064K, used 2199K [0x00000006c4e00000, 0x000000070b200000, 0x00000007c0000000)
  eden space 1102848K, 0% used [0x00000006c4e00000,0x00000006c4e00000,0x0000000708300000)
  from space 9216K, 23% used [0x0000000708c00000,0x0000000708e25cc8,0x0000000709500000)
  to   space 9216K, 0% used [0x0000000708300000,0x0000000708300000,0x0000000708c00000)
 ParOldGen       total 386048K, used 9848K [0x00000004cea00000, 0x00000004e6300000, 0x00000006c4e00000)
  object space 386048K, 2% used [0x00000004cea00000,0x00000004cf39e0e0,0x00000004e6300000)
 Metaspace       used 33143K, capacity 35692K, committed 35880K, reserved 1081344K
  class space    used 3752K, capacity 4266K, committed 4392K, reserved 1048576K
}
Event: 666.751 GC heap before
{Heap before GC invocations=19 (full 2):
 PSYoungGen      total 1112064K, used 1105047K [0x00000006c4e00000, 0x000000070b200000, 0x00000007c0000000)
  eden space 1102848K, 100% used [0x00000006c4e00000,0x0000000708300000,0x0000000708300000)
  from space 9216K, 23% used [0x0000000708c00000,0x0000000708e25cc8,0x0000000709500000)
  to   space 9216K, 0% used [0x0000000708300000,0x0000000708300000,0x0000000708c00000)
 ParOldGen       total 386048K, used 9848K [0x00000004cea00000, 0x00000004e6300000, 0x00000006c4e00000)
  object space 386048K, 2% used [0x00000004cea00000,0x00000004cf39e0e0,0x00000004e6300000)
 Metaspace       used 33623K, capacity 36182K, committed 36392K, reserved 1081344K
  class space    used 3793K, capacity 4315K, committed 4392K, reserved 1048576K
Event: 666.766 GC heap after
Heap after GC invocations=19 (full 2):
 PSYoungGen      total 1112064K, used 8236K [0x00000006c4e00000, 0x000000071e880000, 0x00000007c0000000)
  eden space 1102848K, 0% used [0x00000006c4e00000,0x00000006c4e00000,0x0000000708300000)
  from space 9216K, 89% used [0x0000000708300000,0x0000000708b0b090,0x0000000708c00000)
  to   space 10240K, 0% used [0x000000071de80000,0x000000071de80000,0x000000071e880000)
 ParOldGen       total 386048K, used 9856K [0x00000004cea00000, 0x00000004e6300000, 0x00000006c4e00000)
  object space 386048K, 2% used [0x00000004cea00000,0x00000004cf3a00e0,0x00000004e6300000)
 Metaspace       used 33623K, capacity 36182K, committed 36392K, reserved 1081344K
  class space    used 3793K, capacity 4315K, committed 4392K, reserved 1048576K
}
Event: 1128.440 GC heap before
{Heap before GC invocations=20 (full 2):
 PSYoungGen      total 1112064K, used 1111084K [0x00000006c4e00000, 0x000000071e880000, 0x00000007c0000000)
  eden space 1102848K, 100% used [0x00000006c4e00000,0x0000000708300000,0x0000000708300000)
  from space 9216K, 89% used [0x0000000708300000,0x0000000708b0b090,0x0000000708c00000)
  to   space 10240K, 0% used [0x000000071de80000,0x000000071de80000,0x000000071e880000)
 ParOldGen       total 386048K, used 9856K [0x00000004cea00000, 0x00000004e6300000, 0x00000006c4e00000)
  object space 386048K, 2% used [0x00000004cea00000,0x00000004cf3a00e0,0x00000004e6300000)
 Metaspace       used 33836K, capacity 36416K, committed 36648K, reserved 1081344K
  class space    used 3800K, capacity 4322K, committed 4392K, reserved 1048576K
Event: 1128.544 GC heap after
Heap after GC invocations=20 (full 2):
 PSYoungGen      total 1431040K, used 5634K [0x00000006c4e00000, 0x000000071e480000, 0x00000007c0000000)
  eden space 1424896K, 0% used [0x00000006c4e00000,0x00000006c4e00000,0x000000071bd80000)
  from space 6144K, 91% used [0x000000071de80000,0x000000071e400888,0x000000071e480000)
  to   space 9728K, 0% used [0x000000071d180000,0x000000071d180000,0x000000071db00000)
 ParOldGen       total 386048K, used 9864K [0x00000004cea00000, 0x00000004e6300000, 0x00000006c4e00000)
  object space 386048K, 2% used [0x00000004cea00000,0x00000004cf3a20e0,0x00000004e6300000)
 Metaspace       used 33836K, capacity 36416K, committed 36648K, reserved 1081344K
  class space    used 3800K, capacity 4322K, committed 4392K, reserved 1048576K
}
Event: 1144.357 GC heap before
{Heap before GC invocations=21 (full 2):
 PSYoungGen      total 1431040K, used 1430530K [0x00000006c4e00000, 0x000000071e480000, 0x00000007c0000000)
  eden space 1424896K, 100% used [0x00000006c4e00000,0x000000071bd80000,0x000000071bd80000)
  from space 6144K, 91% used [0x000000071de80000,0x000000071e400888,0x000000071e480000)
  to   space 9728K, 0% used [0x000000071d180000,0x000000071d180000,0x000000071db00000)
 ParOldGen       total 386048K, used 9864K [0x00000004cea00000, 0x00000004e6300000, 0x00000006c4e00000)
  object space 386048K, 2% used [0x00000004cea00000,0x00000004cf3a20e0,0x00000004e6300000)
 Metaspace       used 33947K, capacity 36580K, committed 36648K, reserved 1081344K
  class space    used 3802K, capacity 4326K, committed 4392K, reserved 1048576K

