# JRE version: OpenJDK Runtime Environment (8.0_91-b14) (build 1.8.0_91-8u91-b14-3ubuntu1~16.04.1-b14)
# Java VM: OpenJDK 64-Bit Server VM (25.91-b14 mixed mode linux-amd64 compressed oops)
Heap:
 garbage-first heap   total 262144K, used 214528K [0x00000000c0000000, 0x00000000c0100800, 0x0000000100000000)
  region size 1024K, 78 young (79872K), 12 survivors (12288K)
 Metaspace       used 107183K, capacity 116586K, committed 116812K, reserved 1150976K
  class space    used 12141K, capacity 14854K, committed 14924K, reserved 1048576K
GC Heap History (10 events):
Event: 226.680 GC heap before
{Heap before GC invocations=76 (full 0):
 garbage-first heap   total 262144K, used 228864K [0x00000000c0000000, 0x00000000c0100800, 0x0000000100000000)
  region size 1024K, 98 young (100352K), 2 survivors (2048K)
 Metaspace       used 104420K, capacity 113736K, committed 113996K, reserved 1148928K
  class space    used 11895K, capacity 14572K, committed 14668K, reserved 1048576K
Event: 226.693 GC heap after
Heap after GC invocations=77 (full 0):
 garbage-first heap   total 262144K, used 131240K [0x00000000c0000000, 0x00000000c0100800, 0x0000000100000000)
  region size 1024K, 3 young (3072K), 3 survivors (3072K)
 Metaspace       used 104420K, capacity 113736K, committed 113996K, reserved 1148928K
  class space    used 11895K, capacity 14572K, committed 14668K, reserved 1048576K
}
Event: 227.594 GC heap before
{Heap before GC invocations=77 (full 0):
 garbage-first heap   total 262144K, used 229544K [0x00000000c0000000, 0x00000000c0100800, 0x0000000100000000)
  region size 1024K, 99 young (101376K), 3 survivors (3072K)
 Metaspace       used 105351K, capacity 114622K, committed 114892K, reserved 1148928K
  class space    used 11950K, capacity 14678K, committed 14796K, reserved 1048576K
Event: 227.606 GC heap after
Heap after GC invocations=78 (full 0):
 garbage-first heap   total 262144K, used 139554K [0x00000000c0000000, 0x00000000c0100800, 0x0000000100000000)
  region size 1024K, 11 young (11264K), 11 survivors (11264K)
 Metaspace       used 105351K, capacity 114622K, committed 114892K, reserved 1148928K
  class space    used 11950K, capacity 14678K, committed 14796K, reserved 1048576K
}
Event: 227.984 GC heap before
{Heap before GC invocations=79 (full 0):
 garbage-first heap   total 262144K, used 222498K [0x00000000c0000000, 0x00000000c0100800, 0x0000000100000000)
  region size 1024K, 93 young (95232K), 11 survivors (11264K)
 Metaspace       used 105476K, capacity 114686K, committed 114892K, reserved 1148928K
  class space    used 11950K, capacity 14678K, committed 14796K, reserved 1048576K
Event: 227.996 GC heap after
Heap after GC invocations=80 (full 0):
 garbage-first heap   total 262144K, used 142301K [0x00000000c0000000, 0x00000000c0100800, 0x0000000100000000)
  region size 1024K, 12 young (12288K), 12 survivors (12288K)
 Metaspace       used 105476K, capacity 114686K, committed 114892K, reserved 1148928K
  class space    used 11950K, capacity 14678K, committed 14796K, reserved 1048576K
}
Event: 228.000 GC heap before
{Heap before GC invocations=80 (full 0):
 garbage-first heap   total 262144K, used 143325K [0x00000000c0000000, 0x00000000c0100800, 0x0000000100000000)
  region size 1024K, 13 young (13312K), 12 survivors (12288K)
 Metaspace       used 105476K, capacity 114686K, committed 114892K, reserved 1148928K
  class space    used 11950K, capacity 14678K, committed 14796K, reserved 1048576K
Event: 228.014 GC heap after
Heap after GC invocations=81 (full 0):
 garbage-first heap   total 262144K, used 134917K [0x00000000c0000000, 0x00000000c0100800, 0x0000000100000000)
  region size 1024K, 2 young (2048K), 2 survivors (2048K)
 Metaspace       used 105476K, capacity 114686K, committed 114892K, reserved 1148928K
  class space    used 11950K, capacity 14678K, committed 14796K, reserved 1048576K
}
Event: 228.293 GC heap before
{Heap before GC invocations=81 (full 0):
 garbage-first heap   total 262144K, used 229125K [0x00000000c0000000, 0x00000000c0100800, 0x0000000100000000)
  region size 1024K, 94 young (96256K), 2 survivors (2048K)
 Metaspace       used 105502K, capacity 114814K, committed 115148K, reserved 1148928K
  class space    used 11950K, capacity 14678K, committed 14796K, reserved 1048576K
Event: 228.315 GC heap after
Heap after GC invocations=82 (full 0):
 garbage-first heap   total 262144K, used 147968K [0x00000000c0000000, 0x00000000c0100800, 0x0000000100000000)
  region size 1024K, 12 young (12288K), 12 survivors (12288K)
 Metaspace       used 105502K, capacity 114814K, committed 115148K, reserved 1148928K
  class space    used 11950K, capacity 14678K, committed 14796K, reserved 1048576K
}

